TpTrace Verbose: 0 : 1588, 1, 2021/11/01, 21:54:33.505, 470694178907, vstest.console.dll, Version: 16.11.0
TpTrace Information: 0 : 1588, 1, 2021/11/01, 21:54:33.518, 470694306056, vstest.console.dll, FilePatternParser: The given file C:\Users\User\Desktop\Retail Banking System\CustomerMicroservice\CustomerTest\bin\Debug\net5.0\fine-code-coverage\build-output\CustomerTest.dll is a full path.
TpTrace Verbose: 0 : 1588, 1, 2021/11/01, 21:54:33.528, 470694399110, vstest.console.dll, TestPluginCache.DiscoverTestExtensions: finding test extensions in assemblies ends with: RuntimeProvider.dll TPluginInfo: Microsoft.VisualStudio.TestPlatform.Common.ExtensionFramework.Utilities.TestRuntimePluginInformation TExtension: Microsoft.VisualStudio.TestPlatform.ObjectModel.Host.ITestRuntimeProvider
TpTrace Verbose: 0 : 1588, 1, 2021/11/01, 21:54:33.528, 470694405769, vstest.console.dll, TestPluginCache.GetExtensionPaths: Filtered extension paths: 
TpTrace Verbose: 0 : 1588, 1, 2021/11/01, 21:54:33.529, 470694407523, vstest.console.dll, TestPluginCache.GetExtensionPaths: Added default extension paths: C:\Program Files\dotnet\sdk\5.0.402\Extensions\Microsoft.Diagnostics.NETCore.Client.dll
C:\Program Files\dotnet\sdk\5.0.402\Extensions\Microsoft.TestPlatform.Extensions.BlameDataCollector.dll
C:\Program Files\dotnet\sdk\5.0.402\Extensions\Microsoft.TestPlatform.Extensions.EventLogCollector.dll
C:\Program Files\dotnet\sdk\5.0.402\Extensions\Microsoft.TestPlatform.TestHostRuntimeProvider.dll
C:\Program Files\dotnet\sdk\5.0.402\Extensions\Microsoft.VisualStudio.TestPlatform.Extensions.Html.TestLogger.dll
C:\Program Files\dotnet\sdk\5.0.402\Extensions\Microsoft.VisualStudio.TestPlatform.Extensions.Trx.TestLogger.dll
TpTrace Verbose: 0 : 1588, 1, 2021/11/01, 21:54:33.529, 470694408134, vstest.console.dll, TestPluginCache.GetExtensionPaths: Added unfilterableExtensionPaths: 
TpTrace Information: 0 : 1588, 1, 2021/11/01, 21:54:33.530, 470694418918, vstest.console.dll, AssemblyResolver.ctor: Creating AssemblyResolver with searchDirectories C:\Program Files\dotnet\sdk\5.0.402\Extensions,C:\Program Files\dotnet\sdk\5.0.402
TpTrace Verbose: 0 : 1588, 1, 2021/11/01, 21:54:33.531, 470694435691, vstest.console.dll, TestPluginCache.DiscoverTestExtensions: Discovering the extensions using extension path.
TpTrace Verbose: 0 : 1588, 1, 2021/11/01, 21:54:33.532, 470694437763, vstest.console.dll, TestPluginCache.GetExtensionPaths: Filtered extension paths: 
TpTrace Verbose: 0 : 1588, 1, 2021/11/01, 21:54:33.532, 470694438465, vstest.console.dll, TestPluginCache.GetExtensionPaths: Added default extension paths: C:\Program Files\dotnet\sdk\5.0.402\Extensions\Microsoft.Diagnostics.NETCore.Client.dll
C:\Program Files\dotnet\sdk\5.0.402\Extensions\Microsoft.TestPlatform.Extensions.BlameDataCollector.dll
C:\Program Files\dotnet\sdk\5.0.402\Extensions\Microsoft.TestPlatform.Extensions.EventLogCollector.dll
C:\Program Files\dotnet\sdk\5.0.402\Extensions\Microsoft.TestPlatform.TestHostRuntimeProvider.dll
C:\Program Files\dotnet\sdk\5.0.402\Extensions\Microsoft.VisualStudio.TestPlatform.Extensions.Html.TestLogger.dll
C:\Program Files\dotnet\sdk\5.0.402\Extensions\Microsoft.VisualStudio.TestPlatform.Extensions.Trx.TestLogger.dll
TpTrace Verbose: 0 : 1588, 1, 2021/11/01, 21:54:33.532, 470694438927, vstest.console.dll, TestPluginCache.GetExtensionPaths: Added unfilterableExtensionPaths: 
TpTrace Verbose: 0 : 1588, 1, 2021/11/01, 21:54:33.532, 470694440468, vstest.console.dll, TestPluginCache.DiscoverTestExtensions: Discovering the extensions using allExtensionPaths: C:\Program Files\dotnet\sdk\5.0.402\Extensions\Microsoft.Diagnostics.NETCore.Client.dll
C:\Program Files\dotnet\sdk\5.0.402\Extensions\Microsoft.TestPlatform.Extensions.BlameDataCollector.dll
C:\Program Files\dotnet\sdk\5.0.402\Extensions\Microsoft.TestPlatform.Extensions.EventLogCollector.dll
C:\Program Files\dotnet\sdk\5.0.402\Extensions\Microsoft.TestPlatform.TestHostRuntimeProvider.dll
C:\Program Files\dotnet\sdk\5.0.402\Extensions\Microsoft.VisualStudio.TestPlatform.Extensions.Html.TestLogger.dll
C:\Program Files\dotnet\sdk\5.0.402\Extensions\Microsoft.VisualStudio.TestPlatform.Extensions.Trx.TestLogger.dll
TpTrace Information: 0 : 1588, 1, 2021/11/01, 21:54:33.532, 470694442896, vstest.console.dll, AssemblyResolver.AddSearchDirectories: Adding more searchDirectories C:\Program Files\dotnet\sdk\5.0.402\Extensions,C:\Program Files\dotnet\sdk\5.0.402
TpTrace Information: 0 : 1588, 1, 2021/11/01, 21:54:33.532, 470694443870, vstest.console.dll, AssemblyResolver.AddSearchDirectories: Adding more searchDirectories C:\Program Files\dotnet\sdk\5.0.402\Extensions,C:\Program Files\dotnet\sdk\5.0.402
TpTrace Information: 0 : 1588, 1, 2021/11/01, 21:54:33.532, 470694444429, vstest.console.dll, AssemblyResolver.AddSearchDirectories: Adding more searchDirectories C:\Program Files\dotnet\sdk\5.0.402\Extensions,C:\Program Files\dotnet\sdk\5.0.402
TpTrace Information: 0 : 1588, 1, 2021/11/01, 21:54:33.532, 470694444869, vstest.console.dll, AssemblyResolver.AddSearchDirectories: Adding more searchDirectories C:\Program Files\dotnet\sdk\5.0.402\Extensions,C:\Program Files\dotnet\sdk\5.0.402
TpTrace Information: 0 : 1588, 1, 2021/11/01, 21:54:33.532, 470694445376, vstest.console.dll, AssemblyResolver.AddSearchDirectories: Adding more searchDirectories C:\Program Files\dotnet\sdk\5.0.402\Extensions,C:\Program Files\dotnet\sdk\5.0.402
TpTrace Information: 0 : 1588, 1, 2021/11/01, 21:54:33.532, 470694445798, vstest.console.dll, AssemblyResolver.AddSearchDirectories: Adding more searchDirectories C:\Program Files\dotnet\sdk\5.0.402\Extensions,C:\Program Files\dotnet\sdk\5.0.402
TpTrace Information: 0 : 1588, 1, 2021/11/01, 21:54:33.533, 470694450635, vstest.console.dll, AssemblyResolver.OnResolve: Microsoft.Diagnostics.NETCore.Client: Resolving assembly.
TpTrace Information: 0 : 1588, 1, 2021/11/01, 21:54:33.533, 470694451515, vstest.console.dll, AssemblyResolver.OnResolve: Microsoft.Diagnostics.NETCore.Client: Searching in: 'C:\Program Files\dotnet\sdk\5.0.402\Extensions'.
TpTrace Information: 0 : 1588, 1, 2021/11/01, 21:54:33.534, 470694457304, vstest.console.dll, AssemblyResolver.OnResolve: Microsoft.Diagnostics.NETCore.Client: Loading assembly 'C:\Program Files\dotnet\sdk\5.0.402\Extensions\Microsoft.Diagnostics.NETCore.Client.dll'.
TpTrace Information: 0 : 1588, 1, 2021/11/01, 21:54:33.534, 470694464962, vstest.console.dll, AssemblyResolver.OnResolve: Resolved assembly: Microsoft.Diagnostics.NETCore.Client, from path: C:\Program Files\dotnet\sdk\5.0.402\Extensions\Microsoft.Diagnostics.NETCore.Client.dll
TpTrace Information: 0 : 1588, 1, 2021/11/01, 21:54:33.538, 470694504486, vstest.console.dll, AssemblyResolver.OnResolve: Microsoft.Bcl.AsyncInterfaces: Resolving assembly.
TpTrace Information: 0 : 1588, 1, 2021/11/01, 21:54:33.538, 470694506078, vstest.console.dll, AssemblyResolver.OnResolve: Microsoft.Bcl.AsyncInterfaces: Searching in: 'C:\Program Files\dotnet\sdk\5.0.402\Extensions'.
TpTrace Information: 0 : 1588, 1, 2021/11/01, 21:54:33.539, 470694508135, vstest.console.dll, AssemblyResolver.OnResolve: Microsoft.Bcl.AsyncInterfaces: Assembly path does not exist: 'C:\Program Files\dotnet\sdk\5.0.402\Extensions\Microsoft.Bcl.AsyncInterfaces.dll', returning.
TpTrace Information: 0 : 1588, 1, 2021/11/01, 21:54:33.539, 470694509942, vstest.console.dll, AssemblyResolver.OnResolve: Microsoft.Bcl.AsyncInterfaces: Assembly path does not exist: 'C:\Program Files\dotnet\sdk\5.0.402\Extensions\Microsoft.Bcl.AsyncInterfaces.exe', returning.
TpTrace Information: 0 : 1588, 1, 2021/11/01, 21:54:33.539, 470694510845, vstest.console.dll, AssemblyResolver.OnResolve: Microsoft.Bcl.AsyncInterfaces: Searching in: 'C:\Program Files\dotnet\sdk\5.0.402'.
TpTrace Information: 0 : 1588, 1, 2021/11/01, 21:54:33.539, 470694512309, vstest.console.dll, AssemblyResolver.OnResolve: Microsoft.Bcl.AsyncInterfaces: Assembly path does not exist: 'C:\Program Files\dotnet\sdk\5.0.402\Microsoft.Bcl.AsyncInterfaces.dll', returning.
TpTrace Information: 0 : 1588, 1, 2021/11/01, 21:54:33.539, 470694513916, vstest.console.dll, AssemblyResolver.OnResolve: Microsoft.Bcl.AsyncInterfaces: Assembly path does not exist: 'C:\Program Files\dotnet\sdk\5.0.402\Microsoft.Bcl.AsyncInterfaces.exe', returning.
TpTrace Information: 0 : 1588, 1, 2021/11/01, 21:54:33.539, 470694515498, vstest.console.dll, AssemblyResolver.OnResolve: Microsoft.Bcl.AsyncInterfaces: Failed to load assembly.
TpTrace Verbose: 0 : 1588, 1, 2021/11/01, 21:54:33.539, 470694516444, vstest.console.dll, CurrentDomainAssemblyResolve: Resolving assembly 'Microsoft.Bcl.AsyncInterfaces'.
TpTrace Information: 0 : 1588, 1, 2021/11/01, 21:54:33.540, 470694517463, vstest.console.dll, AssemblyResolver.OnResolve: Microsoft.Bcl.AsyncInterfaces: Resolving assembly.
TpTrace Information: 0 : 1588, 1, 2021/11/01, 21:54:33.540, 470694518059, vstest.console.dll, AssemblyResolver.OnResolve: Microsoft.Bcl.AsyncInterfaces: Resolved from cache.
TpTrace Verbose: 0 : 1588, 1, 2021/11/01, 21:54:33.540, 470694518515, vstest.console.dll, CurrentDomainAssemblyResolve: Resolving assembly 'Microsoft.Bcl.AsyncInterfaces'.
TpTrace Verbose: 0 : 1588, 1, 2021/11/01, 21:54:33.540, 470694519057, vstest.console.dll, CurrentDomainAssemblyResolve: Failed to resolve assembly 'Microsoft.Bcl.AsyncInterfaces'.
TpTrace Verbose: 0 : 1588, 1, 2021/11/01, 21:54:33.541, 470694535734, vstest.console.dll, CurrentDomainAssemblyResolve: Failed to resolve assembly 'Microsoft.Bcl.AsyncInterfaces'.
TpTrace Warning: 0 : 1588, 1, 2021/11/01, 21:54:33.562, 470694743422, vstest.console.dll, TestPluginDiscoverer: Failed to get types from assembly 'Microsoft.Diagnostics.NETCore.Client, Version=0.2.2.41902, Culture=neutral, PublicKeyToken=31bf3856ad364e35'.  Skipping test extension scan for this assembly.  Error: System.Reflection.ReflectionTypeLoadException: Unable to load one or more of the requested types.
Could not load file or assembly 'Microsoft.Bcl.AsyncInterfaces, Version=1.0.0.0, Culture=neutral, PublicKeyToken=cc7b13ffcd2ddd51'. The system cannot find the file specified.
   at System.Reflection.RuntimeModule.GetTypes(RuntimeModule module)
   at System.Reflection.RuntimeModule.GetTypes()
   at System.Reflection.Assembly.GetTypes()
   at Microsoft.VisualStudio.TestPlatform.Common.ExtensionFramework.TestPluginDiscoverer.GetTestExtensionsFromAssembly[TPluginInfo,TExtension](Assembly assembly, Dictionary`2 pluginInfos)
System.IO.FileNotFoundException: Could not load file or assembly 'Microsoft.Bcl.AsyncInterfaces, Version=1.0.0.0, Culture=neutral, PublicKeyToken=cc7b13ffcd2ddd51'. The system cannot find the file specified.
File name: 'Microsoft.Bcl.AsyncInterfaces, Version=1.0.0.0, Culture=neutral, PublicKeyToken=cc7b13ffcd2ddd51'
TpTrace Warning: 0 : 1588, 1, 2021/11/01, 21:54:33.562, 470694745420, vstest.console.dll, LoaderExceptions: System.IO.FileNotFoundException: Could not load file or assembly 'Microsoft.Bcl.AsyncInterfaces, Version=1.0.0.0, Culture=neutral, PublicKeyToken=cc7b13ffcd2ddd51'. The system cannot find the file specified.
File name: 'Microsoft.Bcl.AsyncInterfaces, Version=1.0.0.0, Culture=neutral, PublicKeyToken=cc7b13ffcd2ddd51'
TpTrace Information: 0 : 1588, 1, 2021/11/01, 21:54:33.563, 470694747709, vstest.console.dll, AssemblyResolver.OnResolve: Microsoft.TestPlatform.Extensions.BlameDataCollector: Resolving assembly.
TpTrace Information: 0 : 1588, 1, 2021/11/01, 21:54:33.563, 470694748725, vstest.console.dll, AssemblyResolver.OnResolve: Microsoft.TestPlatform.Extensions.BlameDataCollector: Searching in: 'C:\Program Files\dotnet\sdk\5.0.402\Extensions'.
TpTrace Information: 0 : 1588, 1, 2021/11/01, 21:54:33.563, 470694753908, vstest.console.dll, AssemblyResolver.OnResolve: Microsoft.TestPlatform.Extensions.BlameDataCollector: Loading assembly 'C:\Program Files\dotnet\sdk\5.0.402\Extensions\Microsoft.TestPlatform.Extensions.BlameDataCollector.dll'.
TpTrace Information: 0 : 1588, 1, 2021/11/01, 21:54:33.564, 470694760945, vstest.console.dll, AssemblyResolver.OnResolve: Resolved assembly: Microsoft.TestPlatform.Extensions.BlameDataCollector, from path: C:\Program Files\dotnet\sdk\5.0.402\Extensions\Microsoft.TestPlatform.Extensions.BlameDataCollector.dll
TpTrace Information: 0 : 1588, 1, 2021/11/01, 21:54:33.565, 470694769306, vstest.console.dll, AssemblyResolver.OnResolve: Microsoft.TestPlatform.Extensions.EventLogCollector: Resolving assembly.
TpTrace Information: 0 : 1588, 1, 2021/11/01, 21:54:33.565, 470694770277, vstest.console.dll, AssemblyResolver.OnResolve: Microsoft.TestPlatform.Extensions.EventLogCollector: Searching in: 'C:\Program Files\dotnet\sdk\5.0.402\Extensions'.
TpTrace Information: 0 : 1588, 1, 2021/11/01, 21:54:33.565, 470694775150, vstest.console.dll, AssemblyResolver.OnResolve: Microsoft.TestPlatform.Extensions.EventLogCollector: Loading assembly 'C:\Program Files\dotnet\sdk\5.0.402\Extensions\Microsoft.TestPlatform.Extensions.EventLogCollector.dll'.
TpTrace Information: 0 : 1588, 1, 2021/11/01, 21:54:33.566, 470694780803, vstest.console.dll, AssemblyResolver.OnResolve: Resolved assembly: Microsoft.TestPlatform.Extensions.EventLogCollector, from path: C:\Program Files\dotnet\sdk\5.0.402\Extensions\Microsoft.TestPlatform.Extensions.EventLogCollector.dll
TpTrace Information: 0 : 1588, 1, 2021/11/01, 21:54:33.568, 470694799948, vstest.console.dll, AssemblyResolver.OnResolve: Microsoft.TestPlatform.TestHostRuntimeProvider: Resolving assembly.
TpTrace Information: 0 : 1588, 1, 2021/11/01, 21:54:33.568, 470694801012, vstest.console.dll, AssemblyResolver.OnResolve: Microsoft.TestPlatform.TestHostRuntimeProvider: Searching in: 'C:\Program Files\dotnet\sdk\5.0.402\Extensions'.
TpTrace Information: 0 : 1588, 1, 2021/11/01, 21:54:33.568, 470694804100, vstest.console.dll, AssemblyResolver.OnResolve: Microsoft.TestPlatform.TestHostRuntimeProvider: Loading assembly 'C:\Program Files\dotnet\sdk\5.0.402\Extensions\Microsoft.TestPlatform.TestHostRuntimeProvider.dll'.
TpTrace Information: 0 : 1588, 1, 2021/11/01, 21:54:33.569, 470694808614, vstest.console.dll, AssemblyResolver.OnResolve: Resolved assembly: Microsoft.TestPlatform.TestHostRuntimeProvider, from path: C:\Program Files\dotnet\sdk\5.0.402\Extensions\Microsoft.TestPlatform.TestHostRuntimeProvider.dll
TpTrace Information: 0 : 1588, 1, 2021/11/01, 21:54:33.571, 470694827549, vstest.console.dll, AssemblyResolver.OnResolve: Microsoft.VisualStudio.TestPlatform.Extensions.Html.TestLogger: Resolving assembly.
TpTrace Information: 0 : 1588, 1, 2021/11/01, 21:54:33.571, 470694829126, vstest.console.dll, AssemblyResolver.OnResolve: Microsoft.VisualStudio.TestPlatform.Extensions.Html.TestLogger: Searching in: 'C:\Program Files\dotnet\sdk\5.0.402\Extensions'.
TpTrace Information: 0 : 1588, 1, 2021/11/01, 21:54:33.571, 470694833726, vstest.console.dll, AssemblyResolver.OnResolve: Microsoft.VisualStudio.TestPlatform.Extensions.Html.TestLogger: Loading assembly 'C:\Program Files\dotnet\sdk\5.0.402\Extensions\Microsoft.VisualStudio.TestPlatform.Extensions.Html.TestLogger.dll'.
TpTrace Information: 0 : 1588, 1, 2021/11/01, 21:54:33.572, 470694839836, vstest.console.dll, AssemblyResolver.OnResolve: Resolved assembly: Microsoft.VisualStudio.TestPlatform.Extensions.Html.TestLogger, from path: C:\Program Files\dotnet\sdk\5.0.402\Extensions\Microsoft.VisualStudio.TestPlatform.Extensions.Html.TestLogger.dll
TpTrace Information: 0 : 1588, 1, 2021/11/01, 21:54:33.572, 470694845684, vstest.console.dll, AssemblyResolver.OnResolve: Microsoft.VisualStudio.TestPlatform.Extensions.Trx.TestLogger: Resolving assembly.
TpTrace Information: 0 : 1588, 1, 2021/11/01, 21:54:33.572, 470694846556, vstest.console.dll, AssemblyResolver.OnResolve: Microsoft.VisualStudio.TestPlatform.Extensions.Trx.TestLogger: Searching in: 'C:\Program Files\dotnet\sdk\5.0.402\Extensions'.
TpTrace Information: 0 : 1588, 1, 2021/11/01, 21:54:33.573, 470694849737, vstest.console.dll, AssemblyResolver.OnResolve: Microsoft.VisualStudio.TestPlatform.Extensions.Trx.TestLogger: Loading assembly 'C:\Program Files\dotnet\sdk\5.0.402\Extensions\Microsoft.VisualStudio.TestPlatform.Extensions.Trx.TestLogger.dll'.
TpTrace Information: 0 : 1588, 1, 2021/11/01, 21:54:33.573, 470694854902, vstest.console.dll, AssemblyResolver.OnResolve: Resolved assembly: Microsoft.VisualStudio.TestPlatform.Extensions.Trx.TestLogger, from path: C:\Program Files\dotnet\sdk\5.0.402\Extensions\Microsoft.VisualStudio.TestPlatform.Extensions.Trx.TestLogger.dll
TpTrace Verbose: 0 : 1588, 1, 2021/11/01, 21:54:33.575, 470694867269, vstest.console.dll, TestPluginCache: Discovered the extensions using extension path ''.
TpTrace Verbose: 0 : 1588, 1, 2021/11/01, 21:54:33.575, 470694868482, vstest.console.dll, TestPluginCache: Discoverers are ''.
TpTrace Verbose: 0 : 1588, 1, 2021/11/01, 21:54:33.575, 470694868924, vstest.console.dll, TestPluginCache: Executors are ''.
TpTrace Verbose: 0 : 1588, 1, 2021/11/01, 21:54:33.575, 470694869297, vstest.console.dll, TestPluginCache: Executors2 are ''.
TpTrace Verbose: 0 : 1588, 1, 2021/11/01, 21:54:33.575, 470694869657, vstest.console.dll, TestPluginCache: Setting providers are ''.
TpTrace Verbose: 0 : 1588, 1, 2021/11/01, 21:54:33.575, 470694870014, vstest.console.dll, TestPluginCache: Loggers are ''.
TpTrace Information: 0 : 1588, 1, 2021/11/01, 21:54:33.581, 470694936713, vstest.console.dll, RunTestsArgumentProcessor:Execute: Test run is starting.
TpTrace Verbose: 0 : 1588, 1, 2021/11/01, 21:54:33.582, 470694938086, vstest.console.dll, RunTestsArgumentProcessor:Execute: Queuing Test run.
TpTrace Information: 0 : 1588, 1, 2021/11/01, 21:54:33.582, 470694942387, vstest.console.dll, TestRequestManager.RunTests: run tests started.
TpTrace Information: 0 : 1588, 1, 2021/11/01, 21:54:33.587, 470694987122, vstest.console.dll, AssemblyMetadataProvider.GetFrameWork: Determined framework:'.NETCoreApp,Version=v5.0' for source: 'C:\Users\User\Desktop\Retail Banking System\CustomerMicroservice\CustomerTest\bin\Debug\net5.0\fine-code-coverage\build-output\CustomerTest.dll'
TpTrace Information: 0 : 1588, 1, 2021/11/01, 21:54:33.587, 470694990474, vstest.console.dll, Determined framework for all sources: .NETCoreApp,Version=v5.0
TpTrace Information: 0 : 1588, 1, 2021/11/01, 21:54:33.588, 470695000325, vstest.console.dll, AssemblyMetadataProvider.GetArchitecture: Determined architecture:AnyCPU info for assembly: C:\Users\User\Desktop\Retail Banking System\CustomerMicroservice\CustomerTest\bin\Debug\net5.0\fine-code-coverage\build-output\CustomerTest.dll
TpTrace Information: 0 : 1588, 1, 2021/11/01, 21:54:33.591, 470695032627, vstest.console.dll, Determined platform for all sources: X64
TpTrace Information: 0 : 1588, 1, 2021/11/01, 21:54:33.595, 470695071176, vstest.console.dll, Compatible sources list : 
TpTrace Information: 0 : 1588, 1, 2021/11/01, 21:54:33.595, 470695072916, vstest.console.dll, C:\Users\User\Desktop\Retail Banking System\CustomerMicroservice\CustomerTest\bin\Debug\net5.0\fine-code-coverage\build-output\CustomerTest.dll
TpTrace Information: 0 : 1588, 1, 2021/11/01, 21:54:33.599, 470695115103, vstest.console.dll, InferRunSettingsHelper.IsTestSettingsEnabled: Unable to navigate to RunSettings/MSTest. Current node: RunSettings
TpTrace Information: 0 : 1588, 1, 2021/11/01, 21:54:33.601, 470695128051, vstest.console.dll, AssemblyResolver.OnResolve: Microsoft.VisualStudio.TestPlatform.Fakes: Resolving assembly.
TpTrace Information: 0 : 1588, 1, 2021/11/01, 21:54:33.601, 470695129224, vstest.console.dll, AssemblyResolver.OnResolve: Microsoft.VisualStudio.TestPlatform.Fakes: Searching in: 'C:\Program Files\dotnet\sdk\5.0.402\Extensions'.
TpTrace Information: 0 : 1588, 1, 2021/11/01, 21:54:33.601, 470695131425, vstest.console.dll, AssemblyResolver.OnResolve: Microsoft.VisualStudio.TestPlatform.Fakes: Assembly path does not exist: 'C:\Program Files\dotnet\sdk\5.0.402\Extensions\Microsoft.VisualStudio.TestPlatform.Fakes.dll', returning.
TpTrace Information: 0 : 1588, 1, 2021/11/01, 21:54:33.601, 470695133299, vstest.console.dll, AssemblyResolver.OnResolve: Microsoft.VisualStudio.TestPlatform.Fakes: Assembly path does not exist: 'C:\Program Files\dotnet\sdk\5.0.402\Extensions\Microsoft.VisualStudio.TestPlatform.Fakes.exe', returning.
TpTrace Information: 0 : 1588, 1, 2021/11/01, 21:54:33.601, 470695133909, vstest.console.dll, AssemblyResolver.OnResolve: Microsoft.VisualStudio.TestPlatform.Fakes: Searching in: 'C:\Program Files\dotnet\sdk\5.0.402'.
TpTrace Information: 0 : 1588, 1, 2021/11/01, 21:54:33.601, 470695135014, vstest.console.dll, AssemblyResolver.OnResolve: Microsoft.VisualStudio.TestPlatform.Fakes: Assembly path does not exist: 'C:\Program Files\dotnet\sdk\5.0.402\Microsoft.VisualStudio.TestPlatform.Fakes.dll', returning.
TpTrace Information: 0 : 1588, 1, 2021/11/01, 21:54:33.601, 470695136451, vstest.console.dll, AssemblyResolver.OnResolve: Microsoft.VisualStudio.TestPlatform.Fakes: Assembly path does not exist: 'C:\Program Files\dotnet\sdk\5.0.402\Microsoft.VisualStudio.TestPlatform.Fakes.exe', returning.
TpTrace Information: 0 : 1588, 1, 2021/11/01, 21:54:33.602, 470695137250, vstest.console.dll, AssemblyResolver.OnResolve: Microsoft.VisualStudio.TestPlatform.Fakes: Failed to load assembly.
TpTrace Information: 0 : 1588, 1, 2021/11/01, 21:54:33.602, 470695144744, vstest.console.dll, Failed to create newly implemented Fakes Configurator. Reason:System.IO.FileNotFoundException: Could not load file or assembly 'Microsoft.VisualStudio.TestPlatform.Fakes, Version=16.0.0.0, Culture=neutral, PublicKeyToken=null'. The system cannot find the file specified.
File name: 'Microsoft.VisualStudio.TestPlatform.Fakes, Version=16.0.0.0, Culture=neutral, PublicKeyToken=null'
   at System.Reflection.RuntimeAssembly.InternalLoad(ObjectHandleOnStack assemblyName, ObjectHandleOnStack requestingAssembly, StackCrawlMarkHandle stackMark, Boolean throwOnFileNotFound, ObjectHandleOnStack assemblyLoadContext, ObjectHandleOnStack retAssembly)
   at System.Reflection.RuntimeAssembly.InternalLoad(AssemblyName assemblyName, RuntimeAssembly requestingAssembly, StackCrawlMark& stackMark, Boolean throwOnFileNotFound, AssemblyLoadContext assemblyLoadContext)
   at System.Reflection.Assembly.Load(AssemblyName assemblyRef)
   at Microsoft.VisualStudio.TestPlatform.Common.Utilities.FakesUtilities.TryGetFakesCrossPlatformDataCollectorConfigurator() 
TpTrace Verbose: 0 : 1588, 1, 2021/11/01, 21:54:33.609, 470695212263, vstest.console.dll, TestPluginCache.DiscoverTestExtensions: finding test extensions in assemblies ends with: TestLogger.dll TPluginInfo: Microsoft.VisualStudio.TestPlatform.Common.ExtensionFramework.Utilities.TestLoggerPluginInformation TExtension: Microsoft.VisualStudio.TestPlatform.ObjectModel.Client.ITestLogger
TpTrace Verbose: 0 : 1588, 1, 2021/11/01, 21:54:33.609, 470695213536, vstest.console.dll, TestPluginCache.GetExtensionPaths: Filtered extension paths: 
TpTrace Verbose: 0 : 1588, 1, 2021/11/01, 21:54:33.609, 470695214043, vstest.console.dll, TestPluginCache.GetExtensionPaths: Added default extension paths: C:\Program Files\dotnet\sdk\5.0.402\Extensions\Microsoft.Diagnostics.NETCore.Client.dll
C:\Program Files\dotnet\sdk\5.0.402\Extensions\Microsoft.TestPlatform.Extensions.BlameDataCollector.dll
C:\Program Files\dotnet\sdk\5.0.402\Extensions\Microsoft.TestPlatform.Extensions.EventLogCollector.dll
C:\Program Files\dotnet\sdk\5.0.402\Extensions\Microsoft.TestPlatform.TestHostRuntimeProvider.dll
C:\Program Files\dotnet\sdk\5.0.402\Extensions\Microsoft.VisualStudio.TestPlatform.Extensions.Html.TestLogger.dll
C:\Program Files\dotnet\sdk\5.0.402\Extensions\Microsoft.VisualStudio.TestPlatform.Extensions.Trx.TestLogger.dll
TpTrace Verbose: 0 : 1588, 1, 2021/11/01, 21:54:33.609, 470695214578, vstest.console.dll, TestPluginCache.GetExtensionPaths: Added unfilterableExtensionPaths: 
TpTrace Information: 0 : 1588, 1, 2021/11/01, 21:54:33.609, 470695216702, vstest.console.dll, AssemblyResolver.AddSearchDirectories: Adding more searchDirectories C:\Program Files\dotnet\sdk\5.0.402\Extensions,C:\Program Files\dotnet\sdk\5.0.402
TpTrace Verbose: 0 : 1588, 1, 2021/11/01, 21:54:33.610, 470695217422, vstest.console.dll, TestPluginCache.DiscoverTestExtensions: Discovering the extensions using extension path.
TpTrace Verbose: 0 : 1588, 1, 2021/11/01, 21:54:33.610, 470695217931, vstest.console.dll, TestPluginCache.GetExtensionPaths: Filtered extension paths: 
TpTrace Verbose: 0 : 1588, 1, 2021/11/01, 21:54:33.610, 470695218397, vstest.console.dll, TestPluginCache.GetExtensionPaths: Added default extension paths: C:\Program Files\dotnet\sdk\5.0.402\Extensions\Microsoft.Diagnostics.NETCore.Client.dll
C:\Program Files\dotnet\sdk\5.0.402\Extensions\Microsoft.TestPlatform.Extensions.BlameDataCollector.dll
C:\Program Files\dotnet\sdk\5.0.402\Extensions\Microsoft.TestPlatform.Extensions.EventLogCollector.dll
C:\Program Files\dotnet\sdk\5.0.402\Extensions\Microsoft.TestPlatform.TestHostRuntimeProvider.dll
C:\Program Files\dotnet\sdk\5.0.402\Extensions\Microsoft.VisualStudio.TestPlatform.Extensions.Html.TestLogger.dll
C:\Program Files\dotnet\sdk\5.0.402\Extensions\Microsoft.VisualStudio.TestPlatform.Extensions.Trx.TestLogger.dll
TpTrace Verbose: 0 : 1588, 1, 2021/11/01, 21:54:33.610, 470695218981, vstest.console.dll, TestPluginCache.GetExtensionPaths: Added unfilterableExtensionPaths: 
TpTrace Verbose: 0 : 1588, 1, 2021/11/01, 21:54:33.610, 470695219431, vstest.console.dll, TestPluginCache.DiscoverTestExtensions: Discovering the extensions using allExtensionPaths: C:\Program Files\dotnet\sdk\5.0.402\Extensions\Microsoft.Diagnostics.NETCore.Client.dll
C:\Program Files\dotnet\sdk\5.0.402\Extensions\Microsoft.TestPlatform.Extensions.BlameDataCollector.dll
C:\Program Files\dotnet\sdk\5.0.402\Extensions\Microsoft.TestPlatform.Extensions.EventLogCollector.dll
C:\Program Files\dotnet\sdk\5.0.402\Extensions\Microsoft.TestPlatform.TestHostRuntimeProvider.dll
C:\Program Files\dotnet\sdk\5.0.402\Extensions\Microsoft.VisualStudio.TestPlatform.Extensions.Html.TestLogger.dll
C:\Program Files\dotnet\sdk\5.0.402\Extensions\Microsoft.VisualStudio.TestPlatform.Extensions.Trx.TestLogger.dll
TpTrace Information: 0 : 1588, 1, 2021/11/01, 21:54:33.610, 470695220294, vstest.console.dll, AssemblyResolver.AddSearchDirectories: Adding more searchDirectories C:\Program Files\dotnet\sdk\5.0.402\Extensions,C:\Program Files\dotnet\sdk\5.0.402
TpTrace Information: 0 : 1588, 1, 2021/11/01, 21:54:33.610, 470695221381, vstest.console.dll, AssemblyResolver.AddSearchDirectories: Adding more searchDirectories C:\Program Files\dotnet\sdk\5.0.402\Extensions,C:\Program Files\dotnet\sdk\5.0.402
TpTrace Information: 0 : 1588, 1, 2021/11/01, 21:54:33.610, 470695222257, vstest.console.dll, AssemblyResolver.AddSearchDirectories: Adding more searchDirectories C:\Program Files\dotnet\sdk\5.0.402\Extensions,C:\Program Files\dotnet\sdk\5.0.402
TpTrace Information: 0 : 1588, 1, 2021/11/01, 21:54:33.610, 470695223127, vstest.console.dll, AssemblyResolver.AddSearchDirectories: Adding more searchDirectories C:\Program Files\dotnet\sdk\5.0.402\Extensions,C:\Program Files\dotnet\sdk\5.0.402
TpTrace Information: 0 : 1588, 1, 2021/11/01, 21:54:33.610, 470695223605, vstest.console.dll, AssemblyResolver.AddSearchDirectories: Adding more searchDirectories C:\Program Files\dotnet\sdk\5.0.402\Extensions,C:\Program Files\dotnet\sdk\5.0.402
TpTrace Information: 0 : 1588, 1, 2021/11/01, 21:54:33.610, 470695224025, vstest.console.dll, AssemblyResolver.AddSearchDirectories: Adding more searchDirectories C:\Program Files\dotnet\sdk\5.0.402\Extensions,C:\Program Files\dotnet\sdk\5.0.402
TpTrace Information: 0 : 1588, 1, 2021/11/01, 21:54:33.611, 470695229507, vstest.console.dll, AssemblyResolver.OnResolve: Microsoft.Bcl.AsyncInterfaces: Resolving assembly.
TpTrace Information: 0 : 1588, 1, 2021/11/01, 21:54:33.611, 470695230539, vstest.console.dll, AssemblyResolver.OnResolve: Microsoft.Bcl.AsyncInterfaces: Resolved from cache.
TpTrace Verbose: 0 : 1588, 1, 2021/11/01, 21:54:33.611, 470695231442, vstest.console.dll, CurrentDomainAssemblyResolve: Resolving assembly 'Microsoft.Bcl.AsyncInterfaces'.
TpTrace Information: 0 : 1588, 1, 2021/11/01, 21:54:33.611, 470695232862, vstest.console.dll, AssemblyResolver.OnResolve: Microsoft.Bcl.AsyncInterfaces: Resolving assembly.
TpTrace Information: 0 : 1588, 1, 2021/11/01, 21:54:33.611, 470695233576, vstest.console.dll, AssemblyResolver.OnResolve: Microsoft.Bcl.AsyncInterfaces: Resolved from cache.
TpTrace Verbose: 0 : 1588, 1, 2021/11/01, 21:54:33.611, 470695234629, vstest.console.dll, CurrentDomainAssemblyResolve: Resolving assembly 'Microsoft.Bcl.AsyncInterfaces'.
TpTrace Verbose: 0 : 1588, 1, 2021/11/01, 21:54:33.611, 470695235430, vstest.console.dll, CurrentDomainAssemblyResolve: Failed to resolve assembly 'Microsoft.Bcl.AsyncInterfaces'.
TpTrace Verbose: 0 : 1588, 1, 2021/11/01, 21:54:33.612, 470695238404, vstest.console.dll, CurrentDomainAssemblyResolve: Failed to resolve assembly 'Microsoft.Bcl.AsyncInterfaces'.
TpTrace Warning: 0 : 1588, 1, 2021/11/01, 21:54:33.612, 470695244285, vstest.console.dll, TestPluginDiscoverer: Failed to get types from assembly 'Microsoft.Diagnostics.NETCore.Client, Version=0.2.2.41902, Culture=neutral, PublicKeyToken=31bf3856ad364e35'.  Skipping test extension scan for this assembly.  Error: System.Reflection.ReflectionTypeLoadException: Unable to load one or more of the requested types.
Could not load file or assembly 'Microsoft.Bcl.AsyncInterfaces, Version=1.0.0.0, Culture=neutral, PublicKeyToken=cc7b13ffcd2ddd51'. The system cannot find the file specified.
   at System.Reflection.RuntimeModule.GetTypes(RuntimeModule module)
   at System.Reflection.RuntimeModule.GetTypes()
   at System.Reflection.Assembly.GetTypes()
   at Microsoft.VisualStudio.TestPlatform.Common.ExtensionFramework.TestPluginDiscoverer.GetTestExtensionsFromAssembly[TPluginInfo,TExtension](Assembly assembly, Dictionary`2 pluginInfos)
System.IO.FileNotFoundException: Could not load file or assembly 'Microsoft.Bcl.AsyncInterfaces, Version=1.0.0.0, Culture=neutral, PublicKeyToken=cc7b13ffcd2ddd51'. The system cannot find the file specified.
File name: 'Microsoft.Bcl.AsyncInterfaces, Version=1.0.0.0, Culture=neutral, PublicKeyToken=cc7b13ffcd2ddd51'
TpTrace Warning: 0 : 1588, 1, 2021/11/01, 21:54:33.612, 470695245516, vstest.console.dll, LoaderExceptions: System.IO.FileNotFoundException: Could not load file or assembly 'Microsoft.Bcl.AsyncInterfaces, Version=1.0.0.0, Culture=neutral, PublicKeyToken=cc7b13ffcd2ddd51'. The system cannot find the file specified.
File name: 'Microsoft.Bcl.AsyncInterfaces, Version=1.0.0.0, Culture=neutral, PublicKeyToken=cc7b13ffcd2ddd51'
TpTrace Verbose: 0 : 1588, 1, 2021/11/01, 21:54:33.613, 470695252183, vstest.console.dll, TestPluginCache: Discovered the extensions using extension path ''.
TpTrace Verbose: 0 : 1588, 1, 2021/11/01, 21:54:33.613, 470695252996, vstest.console.dll, TestPluginCache: Discoverers are ''.
TpTrace Verbose: 0 : 1588, 1, 2021/11/01, 21:54:33.613, 470695253401, vstest.console.dll, TestPluginCache: Executors are ''.
TpTrace Verbose: 0 : 1588, 1, 2021/11/01, 21:54:33.613, 470695253770, vstest.console.dll, TestPluginCache: Executors2 are ''.
TpTrace Verbose: 0 : 1588, 1, 2021/11/01, 21:54:33.613, 470695254131, vstest.console.dll, TestPluginCache: Setting providers are ''.
TpTrace Verbose: 0 : 1588, 1, 2021/11/01, 21:54:33.613, 470695255030, vstest.console.dll, TestPluginCache: Loggers are 'logger://Microsoft/TestPlatform/Extensions/Blame/v1,logger://Microsoft/TestPlatform/HtmlLogger/v1,logger://Microsoft/TestPlatform/TrxLogger/v1'.
TpTrace Information: 0 : 1588, 1, 2021/11/01, 21:54:33.614, 470695263865, vstest.console.dll, TestPluginManager.CreateTestExtension: Attempting to load test extension: Microsoft.TestPlatform.Extensions.BlameDataCollector.BlameLogger
TpTrace Information: 0 : 1588, 1, 2021/11/01, 21:54:33.628, 470695398740, vstest.console.dll, TestPluginManager.CreateTestExtension: Attempting to load test extension: Microsoft.VisualStudio.TestPlatform.CrossPlatEngine.Hosting.DefaultTestHostManager
TpTrace Information: 0 : 1588, 1, 2021/11/01, 21:54:33.628, 470695402431, vstest.console.dll, TestPluginManager.CreateTestExtension: Attempting to load test extension: Microsoft.VisualStudio.TestPlatform.CrossPlatEngine.Hosting.DotnetTestHostManager
TpTrace Verbose: 0 : 1588, 1, 2021/11/01, 21:54:33.631, 470695435933, vstest.console.dll, TestEngine: Initializing Parallel Execution as MaxCpuCount is set to: 1
TpTrace Information: 0 : 1588, 1, 2021/11/01, 21:54:33.632, 470695446059, vstest.console.dll, InferRunSettingsHelper.IsTestSettingsEnabled: Unable to navigate to RunSettings/MSTest. Current node: RunSettings
TpTrace Verbose: 0 : 1588, 1, 2021/11/01, 21:54:33.653, 470695649429, vstest.console.dll, TestRequestSender is acting as server
TpTrace Verbose: 0 : 1588, 4, 2021/11/01, 21:54:33.663, 470695747261, vstest.console.dll, DataCollectionRequestSender.InitializeCommunication : Initialize communication. 
TpTrace Information: 0 : 1588, 4, 2021/11/01, 21:54:33.685, 470695973659, vstest.console.dll, Listening on Endpoint : 127.0.0.1:51980
TpTrace Verbose: 0 : 1588, 4, 2021/11/01, 21:54:33.711, 470696228894, vstest.console.dll, DotnetDataCollectionLauncher: Full path of dotnet.exe is C:\Program Files\dotnet\dotnet.exe
TpTrace Verbose: 0 : 1588, 4, 2021/11/01, 21:54:33.711, 470696232237, vstest.console.dll, DotnetDataCollectionLauncher: Adding  --runtimeconfig "C:\Program Files\dotnet\sdk\5.0.402\datacollector.runtimeconfig.json" in args
TpTrace Verbose: 0 : 1588, 4, 2021/11/01, 21:54:33.711, 470696234802, vstest.console.dll, DotnetDataCollectionLauncher: Adding  --depsfile "C:\Program Files\dotnet\sdk\5.0.402\datacollector.deps.json" in args
TpTrace Information: 0 : 1588, 4, 2021/11/01, 21:54:33.729, 470696412929, vstest.console.dll, ProxyDataCollectionManager.Initialize: Launched datacollector processId: 1972 port: 51980
TpTrace Information: 0 : 1588, 4, 2021/11/01, 21:54:33.729, 470696415578, vstest.console.dll, ProxyDataCollectionManager.Initialize: waiting for connection with timeout: 90 seconds
TpTrace Verbose: 0 : 1588, 4, 2021/11/01, 21:54:33.730, 470696417072, vstest.console.dll, DataCollectionRequestSender.WaitForRequestHandlerConnection : Waiting for connection with timeout: 90000
TpTrace Information: 0 : 1588, 7, 2021/11/01, 21:54:34.074, 470699858677, vstest.console.dll, Using the buffer size of 16384 bytes
TpTrace Verbose: 0 : 1588, 4, 2021/11/01, 21:54:34.074, 470699859252, vstest.console.dll, ProxyDataCollectionManager.InvokeDataCollectionServiceAction: Starting.
TpTrace Information: 0 : 1588, 7, 2021/11/01, 21:54:34.074, 470699860356, vstest.console.dll, Accepted Client request and set the flag
TpTrace Information: 0 : 1588, 4, 2021/11/01, 21:54:34.074, 470699862251, vstest.console.dll, ProxyDataCollectionManager.BeforeTestRunStart: Get environment variable and port for datacollector processId: 1972 port: 51980
TpTrace Verbose: 0 : 1588, 4, 2021/11/01, 21:54:34.074, 470699864489, vstest.console.dll, DataCollectionRequestSender.SendBeforeTestRunStartAndGetResult : Send BeforeTestRunStart message with settingsXml <RunSettings><RunConfiguration><ResultsDirectory>C:\Users\User\Desktop\Retail Banking System\CustomerMicroservice\CustomerTest\bin\Debug\net5.0\fine-code-coverage\coverage-tool-output</ResultsDirectory><TargetPlatform>X64</TargetPlatform><TargetFrameworkVersion>.NETCoreApp,Version=v5.0</TargetFrameworkVersion><DesignMode>False</DesignMode><CollectSourceInformation>False</CollectSourceInformation><TestAdaptersPaths>C:\Program Files\dotnet\sdk\5.0.402\Extensions</TestAdaptersPaths></RunConfiguration><LoggerRunSettings><Loggers><Logger friendlyName="blame" enabled="True" /><Logger friendlyName="Console" uri="logger://microsoft/TestPlatform/ConsoleLogger/v1" assemblyQualifiedName="Microsoft.VisualStudio.TestPlatform.CommandLine.Internal.ConsoleLogger, vstest.console, Version=15.0.0.0, Culture=neutral, PublicKeyToken=b03f5f7f11d50a3a" codeBase="C:\Program Files\dotnet\sdk\5.0.402\vstest.console.dll" enabled="True" /></Loggers></LoggerRunSettings><DataCollectionRunSettings><DataCollectors><DataCollector friendlyName="blame" enabled="True"><Configuration><ResultsDirectory>C:\Users\User\Desktop\Retail Banking System\CustomerMicroservice\CustomerTest\bin\Debug\net5.0\fine-code-coverage\coverage-tool-output</ResultsDirectory></Configuration></DataCollector></DataCollectors></DataCollectionRunSettings></RunSettings> and sources System.Linq.Enumerable+Concat2Iterator`1[System.String]: 
TpTrace Verbose: 0 : 1588, 4, 2021/11/01, 21:54:34.251, 470701627762, vstest.console.dll, DataCollectionRequestSender.SendBeforeTestRunStartAndGetResult : Received message: (DataCollection.SendMessage) -> {
  "FriendlyName": null,
  "Uri": null,
  "TestCaseId": "00000000-0000-0000-0000-000000000000",
  "Message": "Logging DataCollector Diagnostics in file: C:\\Users\\User\\Desktop\\Retail Banking System\\CustomerMicroservice\\CustomerTest\\bin\\Debug\\net5.0\\fine-code-coverage\\coverage-tool-output\\diagnostics.datacollector.21-11-01_21-54-33_69807_4.log",
  "Level": 0
}
TpTrace Verbose: 0 : 1588, 4, 2021/11/01, 21:54:34.438, 470703498748, vstest.console.dll, DataCollectionRequestSender.SendBeforeTestRunStartAndGetResult : Received message: (DataCollection.BeforeTestRunStartResult) -> {
  "EnvironmentVariables": {},
  "DataCollectionEventsPort": 51982
}
TpTrace Information: 0 : 1588, 4, 2021/11/01, 21:54:34.446, 470703583563, vstest.console.dll, ProxyDataCollectionManager.BeforeTestRunStart: SendBeforeTestRunStartAndGetResult successful, env variable from datacollector:   and testhost port: 51982
TpTrace Information: 0 : 1588, 4, 2021/11/01, 21:54:34.446, 470703585419, vstest.console.dll, ProxyDataCollectionManager.InvokeDataCollectionServiceAction: Completed.
TpTrace Verbose: 0 : 1588, 1, 2021/11/01, 21:54:34.447, 470703587592, vstest.console.dll, TestRunRequest.ExecuteAsync: Creating test run request.
TpTrace Verbose: 0 : 1588, 1, 2021/11/01, 21:54:34.447, 470703592854, vstest.console.dll, TestRunRequest.ExecuteAsync: Starting.
TpTrace Information: 0 : 1588, 1, 2021/11/01, 21:54:34.448, 470703598551, vstest.console.dll, TestRunRequest.ExecuteAsync: Starting run with settings:TestRunCriteria:
   KeepAlive=False,FrequencyOfRunStatsChangeEvent=10,RunStatsChangeEventTimeout=00:00:01.5000000,TestCaseFilter=,TestExecutorLauncher=
   Settingsxml=<RunSettings>
  <RunConfiguration>
    <ResultsDirectory>C:\Users\User\Desktop\Retail Banking System\CustomerMicroservice\CustomerTest\bin\Debug\net5.0\fine-code-coverage\coverage-tool-output</ResultsDirectory>
    <TargetPlatform>X64</TargetPlatform>
    <TargetFrameworkVersion>.NETCoreApp,Version=v5.0</TargetFrameworkVersion>
    <DesignMode>False</DesignMode>
    <CollectSourceInformation>False</CollectSourceInformation>
  </RunConfiguration>
  <LoggerRunSettings>
    <Loggers>
      <Logger friendlyName="blame" enabled="True" />
      <Logger friendlyName="Console" uri="logger://microsoft/TestPlatform/ConsoleLogger/v1" assemblyQualifiedName="Microsoft.VisualStudio.TestPlatform.CommandLine.Internal.ConsoleLogger, vstest.console, Version=15.0.0.0, Culture=neutral, PublicKeyToken=b03f5f7f11d50a3a" codeBase="C:\Program Files\dotnet\sdk\5.0.402\vstest.console.dll" enabled="True" />
    </Loggers>
  </LoggerRunSettings>
  <DataCollectionRunSettings>
    <DataCollectors>
      <DataCollector friendlyName="blame" enabled="True">
        <Configuration>
          <ResultsDirectory>C:\Users\User\Desktop\Retail Banking System\CustomerMicroservice\CustomerTest\bin\Debug\net5.0\fine-code-coverage\coverage-tool-output</ResultsDirectory>
        </Configuration>
      </DataCollector>
    </DataCollectors>
  </DataCollectionRunSettings>
</RunSettings>

TpTrace Verbose: 0 : 1588, 1, 2021/11/01, 21:54:34.448, 470703600269, vstest.console.dll, TestRunRequest.ExecuteAsync: Wait for the first run request is over.
TpTrace Verbose: 0 : 1588, 1, 2021/11/01, 21:54:34.449, 470703607495, vstest.console.dll, ParallelProxyExecutionManager: Start execution. Total sources: 1
TpTrace Information: 0 : 1588, 1, 2021/11/01, 21:54:34.450, 470703617001, vstest.console.dll, ProxyParallelExecutionManager: Triggering test run for next source: C:\Users\User\Desktop\Retail Banking System\CustomerMicroservice\CustomerTest\bin\Debug\net5.0\fine-code-coverage\build-output\CustomerTest.dll
TpTrace Verbose: 0 : 1588, 1, 2021/11/01, 21:54:34.450, 470703622028, vstest.console.dll, ProxyParallelExecutionManager: No sources available for execution.
TpTrace Information: 0 : 1588, 1, 2021/11/01, 21:54:34.450, 470703623540, vstest.console.dll, TestRunRequest.ExecuteAsync: Started.
TpTrace Verbose: 0 : 1588, 1, 2021/11/01, 21:54:34.450, 470703625211, vstest.console.dll, TestRunRequest.WaitForCompletion: Waiting with timeout -1.
TpTrace Verbose: 0 : 1588, 4, 2021/11/01, 21:54:34.451, 470703627360, vstest.console.dll, ParallelProxyExecutionManager: Execution started. Started clients: 1
TpTrace Verbose: 0 : 1588, 4, 2021/11/01, 21:54:34.451, 470703633638, vstest.console.dll, TestRunRequest:SendTestRunMessage: Starting.
TpTrace Information: 0 : 1588, 4, 2021/11/01, 21:54:34.451, 470703636189, vstest.console.dll, TestRunRequest:SendTestRunMessage: Completed.
TpTrace Verbose: 0 : 1588, 4, 2021/11/01, 21:54:34.452, 470703641848, vstest.console.dll, ProxyExecutionManager: Test host is always Lazy initialize.
TpTrace Verbose: 0 : 1588, 4, 2021/11/01, 21:54:34.453, 470703647667, vstest.console.dll, TestRequestSender.InitializeCommunication: initialize communication. 
TpTrace Information: 0 : 1588, 4, 2021/11/01, 21:54:34.453, 470703655558, vstest.console.dll, SocketServer.Start: Listening on endpoint : 127.0.0.1:51983
TpTrace Verbose: 0 : 1588, 4, 2021/11/01, 21:54:34.454, 470703666578, vstest.console.dll, DotnetTestHostmanager: Adding  --runtimeconfig "C:\Users\User\Desktop\Retail Banking System\CustomerMicroservice\CustomerTest\bin\Debug\net5.0\fine-code-coverage\build-output\CustomerTest.runtimeconfig.json" in args
TpTrace Verbose: 0 : 1588, 4, 2021/11/01, 21:54:34.455, 470703668337, vstest.console.dll, DotnetTestHostmanager: Adding  --depsfile "C:\Users\User\Desktop\Retail Banking System\CustomerMicroservice\CustomerTest\bin\Debug\net5.0\fine-code-coverage\build-output\CustomerTest.deps.json" in args
TpTrace Verbose: 0 : 1588, 4, 2021/11/01, 21:54:34.455, 470703671409, vstest.console.dll, DotnetTestHostManager: Testhost.exe/testhost.x86.exe found at path: C:\Users\User\Desktop\Retail Banking System\CustomerMicroservice\CustomerTest\bin\Debug\net5.0\fine-code-coverage\build-output\testhost.exe
TpTrace Verbose: 0 : 1588, 4, 2021/11/01, 21:54:34.455, 470703673198, vstest.console.dll, DotnetTestHostmanager: Full path of host exe is C:\Users\User\Desktop\Retail Banking System\CustomerMicroservice\CustomerTest\bin\Debug\net5.0\fine-code-coverage\build-output\testhost.exe
TpTrace Verbose: 0 : 1588, 9, 2021/11/01, 21:54:34.458, 470703699622, vstest.console.dll, DotnetTestHostManager: Starting process 'C:\Users\User\Desktop\Retail Banking System\CustomerMicroservice\CustomerTest\bin\Debug\net5.0\fine-code-coverage\build-output\testhost.exe' with command line ' --runtimeconfig "C:\Users\User\Desktop\Retail Banking System\CustomerMicroservice\CustomerTest\bin\Debug\net5.0\fine-code-coverage\build-output\CustomerTest.runtimeconfig.json" --depsfile "C:\Users\User\Desktop\Retail Banking System\CustomerMicroservice\CustomerTest\bin\Debug\net5.0\fine-code-coverage\build-output\CustomerTest.deps.json" --port 51983 --endpoint 127.0.0.1:051983 --role client --parentprocessid 1588 --diag "C:\Users\User\Desktop\Retail Banking System\CustomerMicroservice\CustomerTest\bin\Debug\net5.0\fine-code-coverage\coverage-tool-output\diagnostics.host.21-11-01_21-54-34_45444_4.log" --tracelevel 4 --datacollectionport 51982 --telemetryoptedin false'
TpTrace Verbose: 0 : 1588, 9, 2021/11/01, 21:54:34.466, 470703784123, vstest.console.dll, Test Runtime launched
TpTrace Verbose: 0 : 1588, 4, 2021/11/01, 21:54:34.467, 470703795080, vstest.console.dll, TestRequestSender.WaitForRequestHandlerConnection: waiting for connection with timeout: 90000
TpTrace Verbose: 0 : 1588, 10, 2021/11/01, 21:54:34.985, 470708969762, vstest.console.dll, SocketServer.OnClientConnected: Client connected for endPoint: 127.0.0.1:51983, starting MessageLoopAsync:
TpTrace Verbose: 0 : 1588, 10, 2021/11/01, 21:54:34.988, 470709000110, vstest.console.dll, TcpClientExtensions.MessageLoopAsync: Polling on remoteEndPoint: 127.0.0.1:51984 localEndPoint: 127.0.0.1:51983
TpTrace Verbose: 0 : 1588, 10, 2021/11/01, 21:54:35.422, 470713339912, vstest.console.dll, TcpClientExtensions.MessageLoopAsync: NotifyDataAvailable remoteEndPoint: 127.0.0.1:51984 localEndPoint: 127.0.0.1:51983
TpTrace Verbose: 0 : 1588, 10, 2021/11/01, 21:54:35.422, 470713343806, vstest.console.dll, TestRequestSender.CheckVersionWithTestHost: onMessageReceived received message: (ProtocolVersion) -> 5
TpTrace Verbose: 0 : 1588, 10, 2021/11/01, 21:54:35.423, 470713350522, vstest.console.dll, TcpClientExtensions.MessageLoopAsync: Polling on remoteEndPoint: 127.0.0.1:51984 localEndPoint: 127.0.0.1:51983
TpTrace Verbose: 0 : 1588, 4, 2021/11/01, 21:54:35.423, 470713351982, vstest.console.dll, TestPluginCache.GetExtensionPaths: Filtered extension paths: 
TpTrace Verbose: 0 : 1588, 4, 2021/11/01, 21:54:35.423, 470713353307, vstest.console.dll, TestPluginCache.GetExtensionPaths: Added default extension paths: C:\Program Files\dotnet\sdk\5.0.402\Extensions\Microsoft.Diagnostics.NETCore.Client.dll
C:\Program Files\dotnet\sdk\5.0.402\Extensions\Microsoft.TestPlatform.Extensions.BlameDataCollector.dll
C:\Program Files\dotnet\sdk\5.0.402\Extensions\Microsoft.TestPlatform.Extensions.EventLogCollector.dll
C:\Program Files\dotnet\sdk\5.0.402\Extensions\Microsoft.TestPlatform.TestHostRuntimeProvider.dll
C:\Program Files\dotnet\sdk\5.0.402\Extensions\Microsoft.VisualStudio.TestPlatform.Extensions.Html.TestLogger.dll
C:\Program Files\dotnet\sdk\5.0.402\Extensions\Microsoft.VisualStudio.TestPlatform.Extensions.Trx.TestLogger.dll
TpTrace Verbose: 0 : 1588, 4, 2021/11/01, 21:54:35.423, 470713354179, vstest.console.dll, TestPluginCache.GetExtensionPaths: Added unfilterableExtensionPaths: 
TpTrace Verbose: 0 : 1588, 4, 2021/11/01, 21:54:35.433, 470713447598, vstest.console.dll, TestRequestSender.InitializeExecution: Sending initializing execution with message: {"Version":5,"MessageType":"TestExecution.Initialize","Payload":["C:\\Users\\User\\Desktop\\Retail Banking System\\CustomerMicroservice\\CustomerTest\\bin\\Debug\\net5.0\\fine-code-coverage\\build-output\\NUnit3.TestAdapter.dll"]}
TpTrace Verbose: 0 : 1588, 4, 2021/11/01, 21:54:35.452, 470713638486, vstest.console.dll, TestRequestSender.StartTestRun: Sending test run with message: {"Version":5,"MessageType":"TestExecution.StartWithSources","Payload":{"AdapterSourceMap":{"_none_":["C:\\Users\\User\\Desktop\\Retail Banking System\\CustomerMicroservice\\CustomerTest\\bin\\Debug\\net5.0\\fine-code-coverage\\build-output\\CustomerTest.dll"]},"RunSettings":"<RunSettings>\r\n  <RunConfiguration>\r\n    <ResultsDirectory>C:\\Users\\User\\Desktop\\Retail Banking System\\CustomerMicroservice\\CustomerTest\\bin\\Debug\\net5.0\\fine-code-coverage\\coverage-tool-output</ResultsDirectory>\r\n    <TargetPlatform>X64</TargetPlatform>\r\n    <TargetFrameworkVersion>.NETCoreApp,Version=v5.0</TargetFrameworkVersion>\r\n    <DesignMode>False</DesignMode>\r\n    <CollectSourceInformation>False</CollectSourceInformation>\r\n  </RunConfiguration>\r\n  <LoggerRunSettings>\r\n    <Loggers>\r\n      <Logger friendlyName=\"blame\" enabled=\"True\" />\r\n      <Logger friendlyName=\"Console\" uri=\"logger://microsoft/TestPlatform/ConsoleLogger/v1\" assemblyQualifiedName=\"Microsoft.VisualStudio.TestPlatform.CommandLine.Internal.ConsoleLogger, vstest.console, Version=15.0.0.0, Culture=neutral, PublicKeyToken=b03f5f7f11d50a3a\" codeBase=\"C:\\Program Files\\dotnet\\sdk\\5.0.402\\vstest.console.dll\" enabled=\"True\" />\r\n    </Loggers>\r\n  </LoggerRunSettings>\r\n  <DataCollectionRunSettings>\r\n    <DataCollectors>\r\n      <DataCollector friendlyName=\"blame\" enabled=\"True\">\r\n        <Configuration>\r\n          <ResultsDirectory>C:\\Users\\User\\Desktop\\Retail Banking System\\CustomerMicroservice\\CustomerTest\\bin\\Debug\\net5.0\\fine-code-coverage\\coverage-tool-output</ResultsDirectory>\r\n        </Configuration>\r\n      </DataCollector>\r\n    </DataCollectors>\r\n  </DataCollectionRunSettings>\r\n</RunSettings>","TestExecutionContext":{"FrequencyOfRunStatsChangeEvent":10,"RunStatsChangeEventTimeout":"00:00:01.5000000","InIsolation":false,"KeepAlive":false,"AreTestCaseLevelEventsRequired":false,"IsDebug":false,"TestCaseFilter":null,"FilterOptions":null},"Package":null}}
TpTrace Verbose: 0 : 1588, 10, 2021/11/01, 21:54:35.473, 470713856563, vstest.console.dll, TcpClientExtensions.MessageLoopAsync: NotifyDataAvailable remoteEndPoint: 127.0.0.1:51984 localEndPoint: 127.0.0.1:51983
TpTrace Verbose: 0 : 1588, 10, 2021/11/01, 21:54:35.474, 470713858959, vstest.console.dll, TestRequestSender.OnExecutionMessageReceived: Received message: {"Version":5,"MessageType":"TestSession.Message","Payload":{"MessageLevel":0,"Message":"Logging TestHost Diagnostics in file: C:\\Users\\User\\Desktop\\Retail Banking System\\CustomerMicroservice\\CustomerTest\\bin\\Debug\\net5.0\\fine-code-coverage\\coverage-tool-output\\diagnostics.host.21-11-01_21-54-34_45444_4.log"}}
TpTrace Verbose: 0 : 1588, 10, 2021/11/01, 21:54:35.477, 470713895690, vstest.console.dll, TestRunRequest:SendTestRunMessage: Starting.
TpTrace Information: 0 : 1588, 10, 2021/11/01, 21:54:35.478, 470713897736, vstest.console.dll, TestRunRequest:SendTestRunMessage: Completed.
TpTrace Verbose: 0 : 1588, 10, 2021/11/01, 21:54:35.478, 470713898585, vstest.console.dll, TcpClientExtensions.MessageLoopAsync: Polling on remoteEndPoint: 127.0.0.1:51984 localEndPoint: 127.0.0.1:51983
TpTrace Verbose: 0 : 1588, 10, 2021/11/01, 21:54:35.967, 470718795048, vstest.console.dll, TcpClientExtensions.MessageLoopAsync: NotifyDataAvailable remoteEndPoint: 127.0.0.1:51984 localEndPoint: 127.0.0.1:51983
TpTrace Verbose: 0 : 1588, 10, 2021/11/01, 21:54:35.968, 470718797002, vstest.console.dll, TestRequestSender.OnExecutionMessageReceived: Received message: {"Version":5,"MessageType":"TestSession.Message","Payload":{"MessageLevel":0,"Message":"NUnit Adapter 3.17.0.0: Test execution started"}}
TpTrace Verbose: 0 : 1588, 10, 2021/11/01, 21:54:35.968, 470718802527, vstest.console.dll, TestRunRequest:SendTestRunMessage: Starting.
TpTrace Information: 0 : 1588, 10, 2021/11/01, 21:54:35.968, 470718803805, vstest.console.dll, TestRunRequest:SendTestRunMessage: Completed.
TpTrace Verbose: 0 : 1588, 10, 2021/11/01, 21:54:35.968, 470718804545, vstest.console.dll, TcpClientExtensions.MessageLoopAsync: Polling on remoteEndPoint: 127.0.0.1:51984 localEndPoint: 127.0.0.1:51983
TpTrace Verbose: 0 : 1588, 10, 2021/11/01, 21:54:36.063, 470719752937, vstest.console.dll, TcpClientExtensions.MessageLoopAsync: NotifyDataAvailable remoteEndPoint: 127.0.0.1:51984 localEndPoint: 127.0.0.1:51983
TpTrace Verbose: 0 : 1588, 10, 2021/11/01, 21:54:36.063, 470719754847, vstest.console.dll, TestRequestSender.OnExecutionMessageReceived: Received message: {"Version":5,"MessageType":"TestSession.Message","Payload":{"MessageLevel":0,"Message":"Running all tests in C:\\Users\\User\\Desktop\\Retail Banking System\\CustomerMicroservice\\CustomerTest\\bin\\Debug\\net5.0\\fine-code-coverage\\build-output\\CustomerTest.dll"}}
TpTrace Verbose: 0 : 1588, 10, 2021/11/01, 21:54:36.064, 470719758911, vstest.console.dll, TestRunRequest:SendTestRunMessage: Starting.
TpTrace Information: 0 : 1588, 10, 2021/11/01, 21:54:36.064, 470719760149, vstest.console.dll, TestRunRequest:SendTestRunMessage: Completed.
TpTrace Verbose: 0 : 1588, 10, 2021/11/01, 21:54:36.064, 470719760890, vstest.console.dll, TcpClientExtensions.MessageLoopAsync: Polling on remoteEndPoint: 127.0.0.1:51984 localEndPoint: 127.0.0.1:51983
TpTrace Verbose: 0 : 1588, 10, 2021/11/01, 21:54:36.677, 470725893959, vstest.console.dll, TcpClientExtensions.MessageLoopAsync: NotifyDataAvailable remoteEndPoint: 127.0.0.1:51984 localEndPoint: 127.0.0.1:51983
TpTrace Verbose: 0 : 1588, 10, 2021/11/01, 21:54:36.677, 470725896193, vstest.console.dll, TestRequestSender.OnExecutionMessageReceived: Received message: {"Version":5,"MessageType":"TestSession.Message","Payload":{"MessageLevel":0,"Message":"   NUnit3TestExecutor discovered 4 of 4 NUnit test cases"}}
TpTrace Verbose: 0 : 1588, 10, 2021/11/01, 21:54:36.678, 470725899732, vstest.console.dll, TestRunRequest:SendTestRunMessage: Starting.
TpTrace Information: 0 : 1588, 10, 2021/11/01, 21:54:36.678, 470725901028, vstest.console.dll, TestRunRequest:SendTestRunMessage: Completed.
TpTrace Verbose: 0 : 1588, 10, 2021/11/01, 21:54:36.678, 470725901959, vstest.console.dll, TcpClientExtensions.MessageLoopAsync: Polling on remoteEndPoint: 127.0.0.1:51984 localEndPoint: 127.0.0.1:51983
TpTrace Verbose: 0 : 1588, 10, 2021/11/01, 21:54:36.940, 470728521632, vstest.console.dll, TcpClientExtensions.MessageLoopAsync: NotifyDataAvailable remoteEndPoint: 127.0.0.1:51984 localEndPoint: 127.0.0.1:51983
TpTrace Verbose: 0 : 1588, 10, 2021/11/01, 21:54:36.940, 470728523368, vstest.console.dll, TestRequestSender.OnExecutionMessageReceived: Received message: {"Version":5,"MessageType":"TestSession.Message","Payload":{"MessageLevel":0,"Message":"NUnit Adapter 3.17.0.0: Test execution complete"}}
TpTrace Verbose: 0 : 1588, 10, 2021/11/01, 21:54:36.941, 470728527154, vstest.console.dll, TestRunRequest:SendTestRunMessage: Starting.
TpTrace Information: 0 : 1588, 10, 2021/11/01, 21:54:36.941, 470728528406, vstest.console.dll, TestRunRequest:SendTestRunMessage: Completed.
TpTrace Verbose: 0 : 1588, 10, 2021/11/01, 21:54:36.941, 470728529121, vstest.console.dll, TcpClientExtensions.MessageLoopAsync: Polling on remoteEndPoint: 127.0.0.1:51984 localEndPoint: 127.0.0.1:51983
TpTrace Verbose: 0 : 1588, 10, 2021/11/01, 21:54:37.042, 470729540452, vstest.console.dll, TcpClientExtensions.MessageLoopAsync: NotifyDataAvailable remoteEndPoint: 127.0.0.1:51984 localEndPoint: 127.0.0.1:51983
TpTrace Verbose: 0 : 1588, 10, 2021/11/01, 21:54:37.042, 470729543573, vstest.console.dll, TestRequestSender.OnExecutionMessageReceived: Received message: {"Version":5,"MessageType":"TestExecution.Completed","Payload":{"TestRunCompleteArgs":{"TestRunStatistics":{"ExecutedTests":4,"Stats":{"Passed":4}},"IsCanceled":false,"IsAborted":false,"Error":null,"AttachmentSets":[],"ElapsedTimeInRunningTests":"00:00:01.0251363","Metrics":{}},"LastRunTests":{"NewTestResults":[{"TestCase":{"Id":"6ead6d30-1ce2-49a1-52ac-adffe630cca9","FullyQualifiedName":"CustomerTest.Tests.CreateCustomer_When_InvalidDataIsGiven","DisplayName":"CreateCustomer_When_InvalidDataIsGiven","ExecutorUri":"executor://NUnit3TestExecutor","Source":"C:\\Users\\User\\Desktop\\Retail Banking System\\CustomerMicroservice\\CustomerTest\\bin\\Debug\\net5.0\\fine-code-coverage\\build-output\\CustomerTest.dll","CodeFilePath":null,"LineNumber":0,"Properties":[]},"Attachments":[],"Outcome":1,"ErrorMessage":null,"ErrorStackTrace":null,"DisplayName":"CreateCustomer_When_InvalidDataIsGiven","Messages":[],"ComputerName":"DESKTOP-I3RNVC8","Duration":"00:00:00.0600420","StartTime":"2021-11-01T16:24:36.7789004+00:00","EndTime":"2021-11-01T16:24:36.8387051+00:00","Properties":[]},{"TestCase":{"Id":"28548368-c7e8-e76d-c696-ef345428d65e","FullyQualifiedName":"CustomerTest.Tests.CreateCustomer_When_ValidDataIsGiven","DisplayName":"CreateCustomer_When_ValidDataIsGiven","ExecutorUri":"executor://NUnit3TestExecutor","Source":"C:\\Users\\User\\Desktop\\Retail Banking System\\CustomerMicroservice\\CustomerTest\\bin\\Debug\\net5.0\\fine-code-coverage\\build-output\\CustomerTest.dll","CodeFilePath":null,"LineNumber":0,"Properties":[]},"Attachments":[],"Outcome":1,"ErrorMessage":null,"ErrorStackTrace":null,"DisplayName":"CreateCustomer_When_ValidDataIsGiven","Messages":[],"ComputerName":"DESKTOP-I3RNVC8","Duration":"00:00:00.0009220","StartTime":"2021-11-01T16:24:36.8462503+00:00","EndTime":"2021-11-01T16:24:36.8471732+00:00","Properties":[]},{"TestCase":{"Id":"f87ee2a2-691b-04ec-d3e8-e3ff413c0e74","FullyQualifiedName":"CustomerTest.Tests.GetCustomerDetails_When_InvalidIdIsGiven(1)","DisplayName":"GetCustomerDetails_When_InvalidIdIsGiven(1)","ExecutorUri":"executor://NUnit3TestExecutor","Source":"C:\\Users\\User\\Desktop\\Retail Banking System\\CustomerMicroservice\\CustomerTest\\bin\\Debug\\net5.0\\fine-code-coverage\\build-output\\CustomerTest.dll","CodeFilePath":null,"LineNumber":0,"Properties":[]},"Attachments":[],"Outcome":1,"ErrorMessage":null,"ErrorStackTrace":null,"DisplayName":"GetCustomerDetails_When_InvalidIdIsGiven(1)","Messages":[],"ComputerName":"DESKTOP-I3RNVC8","Duration":"00:00:00.0012920","StartTime":"2021-11-01T16:24:36.8474082+00:00","EndTime":"2021-11-01T16:24:36.8486992+00:00","Properties":[]},{"TestCase":{"Id":"2fa9240a-5519-1e7b-a068-d84b30df62bc","FullyQualifiedName":"CustomerTest.Tests.GetCustomerDetails_When_ValidIdIsGiven(2)","DisplayName":"GetCustomerDetails_When_ValidIdIsGiven(2)","ExecutorUri":"executor://NUnit3TestExecutor","Source":"C:\\Users\\User\\Desktop\\Retail Banking System\\CustomerMicroservice\\CustomerTest\\bin\\Debug\\net5.0\\fine-code-coverage\\build-output\\CustomerTest.dll","CodeFilePath":null,"LineNumber":0,"Properties":[]},"Attachments":[],"Outcome":1,"ErrorMessage":null,"ErrorStackTrace":null,"DisplayName":"GetCustomerDetails_When_ValidIdIsGiven(2)","Messages":[],"ComputerName":"DESKTOP-I3RNVC8","Duration":"00:00:00.0004440","StartTime":"2021-11-01T16:24:36.8542205+00:00","EndTime":"2021-11-01T16:24:36.8546644+00:00","Properties":[]}],"TestRunStatistics":{"ExecutedTests":4,"Stats":{"Passed":4}},"ActiveTests":[]},"RunAttachments":[],"ExecutorUris":["executor://nunit3testexecutor/"]}}
TpTrace Verbose: 0 : 1588, 10, 2021/11/01, 21:54:37.046, 470729585266, vstest.console.dll, TestRequestSender.EndSession: Sending end session.
TpTrace Verbose: 0 : 1588, 10, 2021/11/01, 21:54:37.047, 470729587729, vstest.console.dll, ProxyOperationManager.Close: waiting for test host to exit for 100 ms
TpTrace Warning: 0 : 1588, 9, 2021/11/01, 21:54:37.081, 470729927801, vstest.console.dll, TestHostManagerCallbacks.ErrorReceivedCallback Test host standard error line: 
TpTrace Verbose: 0 : 1588, 7, 2021/11/01, 21:54:37.097, 470730086979, vstest.console.dll, TestHostProvider.ExitCallBack: Host exited starting callback.
TpTrace Information: 0 : 1588, 7, 2021/11/01, 21:54:37.097, 470730095578, vstest.console.dll, TestHostManagerCallbacks.ExitCallBack: Testhost processId: 12484 exited with exitcode: 0 error: ''
TpTrace Verbose: 0 : 1588, 7, 2021/11/01, 21:54:37.098, 470730097107, vstest.console.dll, DotnetTestHostManager.OnHostExited: invoking OnHostExited callback
TpTrace Verbose: 0 : 1588, 7, 2021/11/01, 21:54:37.098, 470730098123, vstest.console.dll, CrossPlatEngine.TestHostManagerHostExited: calling on client process exit callback.
TpTrace Information: 0 : 1588, 7, 2021/11/01, 21:54:37.098, 470730099255, vstest.console.dll, TestRequestSender.OnClientProcessExit: Test host process exited. Standard error: 
TpTrace Warning: 0 : 1588, 10, 2021/11/01, 21:54:37.098, 470730099287, vstest.console.dll, ProxyOperationManager: Timed out waiting for test host to exit. Will terminate process.
TpTrace Information: 0 : 1588, 7, 2021/11/01, 21:54:37.098, 470730100262, vstest.console.dll, SocketServer.Stop: Stop server endPoint: 127.0.0.1:51983
TpTrace Information: 0 : 1588, 7, 2021/11/01, 21:54:37.098, 470730101650, vstest.console.dll, SocketServer.Stop: Cancellation requested. Stopping message loop.
TpTrace Verbose: 0 : 1588, 10, 2021/11/01, 21:54:37.099, 470730114945, vstest.console.dll, ProxyDataCollectionManager.InvokeDataCollectionServiceAction: Starting.
TpTrace Information: 0 : 1588, 10, 2021/11/01, 21:54:37.099, 470730116215, vstest.console.dll, ProxyDataCollectionManager.AfterTestRunEnd: Get attachment set for datacollector processId: 1972 port: 51980
TpTrace Verbose: 0 : 1588, 10, 2021/11/01, 21:54:37.100, 470730117296, vstest.console.dll, DataCollectionRequestSender.SendAfterTestRunStartAndGetResult : Send AfterTestRunEnd message with isCancelled: False
TpTrace Verbose: 0 : 1588, 10, 2021/11/01, 21:54:37.115, 470730272810, vstest.console.dll, DataCollectionRequestSender.SendAfterTestRunStartAndGetResult : Received message: (DataCollection.AfterTestRunEndResult) -> {
  "AttachmentSets": [],
  "Metrics": {}
}
TpTrace Information: 0 : 1588, 10, 2021/11/01, 21:54:37.129, 470730413675, vstest.console.dll, ProxyDataCollectionManager.InvokeDataCollectionServiceAction: Completed.
TpTrace Warning: 0 : 1588, 6, 2021/11/01, 21:54:37.135, 470730473925, vstest.console.dll, DataCollectionLauncher.ErrorReceivedCallback datacollector standard error line: 
TpTrace Information: 0 : 1588, 7, 2021/11/01, 21:54:37.153, 470730654414, vstest.console.dll, DataCollectionLauncher.ExitCallBack: Data collector exited with exitcode: 0 error: ''
TpTrace Verbose: 0 : 1588, 10, 2021/11/01, 21:54:37.259, 470731709213, vstest.console.dll, TestRunRequest:SendTestRunStatsChange: Starting.
TpTrace Information: 0 : 1588, 10, 2021/11/01, 21:54:37.259, 470731713730, vstest.console.dll, TestRunRequest:SendTestRunStatsChange: Completed.
TpTrace Verbose: 0 : 1588, 10, 2021/11/01, 21:54:37.262, 470731744528, vstest.console.dll, ParallelProxyExecutionManager: HandlePartialRunComplete: Total completed clients = 1, Run complete = True, Run canceled: False.
TpTrace Verbose: 0 : 1588, 10, 2021/11/01, 21:54:37.313, 470732248320, vstest.console.dll, TestRunRequest:TestRunComplete: Starting. IsAborted:False IsCanceled:False.
TpTrace Verbose: 0 : 1588, 10, 2021/11/01, 21:54:37.313, 470732251595, vstest.console.dll, TestLoggerManager.HandleTestRunComplete: Ignoring as the object is disposed.
TpTrace Information: 0 : 1588, 10, 2021/11/01, 21:54:37.313, 470732256871, vstest.console.dll, TestRunRequest:TestRunComplete: Completed.
TpTrace Verbose: 0 : 1588, 1, 2021/11/01, 21:54:37.314, 470732257220, vstest.console.dll, TestRunRequest.Dispose: Starting.
TpTrace Verbose: 0 : 1588, 10, 2021/11/01, 21:54:37.314, 470732257989, vstest.console.dll, TestRequestSender.SetOperationComplete: Setting operation complete.
TpTrace Information: 0 : 1588, 1, 2021/11/01, 21:54:37.314, 470732258979, vstest.console.dll, TestRunRequest.Dispose: Completed.
TpTrace Information: 0 : 1588, 10, 2021/11/01, 21:54:37.314, 470732259586, vstest.console.dll, SocketServer.Stop: Stop server endPoint: 127.0.0.1:51983
TpTrace Information: 0 : 1588, 1, 2021/11/01, 21:54:37.314, 470732260524, vstest.console.dll, TestRequestManager.RunTests: run tests completed.
TpTrace Information: 0 : 1588, 10, 2021/11/01, 21:54:37.314, 470732260977, vstest.console.dll, SocketServer.Stop: Cancellation requested. Stopping message loop.
TpTrace Information: 0 : 1588, 1, 2021/11/01, 21:54:37.314, 470732262643, vstest.console.dll, RunTestsArgumentProcessor:Execute: Test run is completed.
TpTrace Information: 0 : 1588, 10, 2021/11/01, 21:54:37.314, 470732263150, vstest.console.dll, SocketServer.PrivateStop: Stop server endPoint: 127.0.0.1:51983 error: 
TpTrace Verbose: 0 : 1588, 1, 2021/11/01, 21:54:37.314, 470732265991, vstest.console.dll, Executor.Execute: Exiting with exit code of 0
TpTrace Verbose: 0 : 1588, 10, 2021/11/01, 21:54:37.315, 470732273534, vstest.console.dll, LengthPrefixCommunicationChannel.Dispose: Dispose reader and writer.
